;  LST file generated by mikroListExporter - v.2.0 
; Date/Time: 6.9.2017. 12:51:25
;----------------------------------------------

;Address Opcode 	ASM
0x0000	0x2803      	GOTO       3
_main:
;alarm16F628.mpas,5 :: 		begin
;alarm16F628.mpas,7 :: 		TRISB := 1;
0x0003	0x3001      	MOVLW      1
0x0004	0x1683      	BSF        STATUS, 5
0x0005	0x1303      	BCF        STATUS, 6
0x0006	0x0086      	MOVWF      TRISB
;alarm16F628.mpas,8 :: 		TRISA := 0;
0x0007	0x0185      	CLRF       TRISA
;alarm16F628.mpas,9 :: 		PORTB := 0;
0x0008	0x1283      	BCF        STATUS, 5
0x0009	0x0186      	CLRF       PORTB
;alarm16F628.mpas,10 :: 		PORTA := 0;
0x000A	0x0185      	CLRF       PORTA
;alarm16F628.mpas,11 :: 		repeat
L__main1:
;alarm16F628.mpas,12 :: 		if PORTB.4 = 1 then // glavni prekidac
0x000B	0x1E06      	BTFSS      PORTB, 4
0x000C	0x281E      	GOTO       L__main7
;alarm16F628.mpas,14 :: 		if PORTB.3 = 0 then // otvorena vrata
0x000D	0x1986      	BTFSC      PORTB, 3
0x000E	0x281D      	GOTO       L__main10
;alarm16F628.mpas,16 :: 		delay_ms(5000);
0x000F	0x301A      	MOVLW      26
0x0010	0x00FB      	MOVWF      R11
0x0011	0x305E      	MOVLW      94
0x0012	0x00FC      	MOVWF      R12
0x0013	0x306E      	MOVLW      110
0x0014	0x00FD      	MOVWF      R13
L__main12:
0x0015	0x0BFD      	DECFSZ     R13, 1
0x0016	0x2815      	GOTO       L__main12
0x0017	0x0BFC      	DECFSZ     R12, 1
0x0018	0x2815      	GOTO       L__main12
0x0019	0x0BFB      	DECFSZ     R11, 1
0x001A	0x2815      	GOTO       L__main12
0x001B	0x0000      	NOP
;alarm16F628.mpas,17 :: 		PORTA.2 := 1;
0x001C	0x1505      	BSF        PORTA, 2
;alarm16F628.mpas,18 :: 		end;
L__main10:
;alarm16F628.mpas,19 :: 		end
0x001D	0x281F      	GOTO       L__main8
;alarm16F628.mpas,20 :: 		else
L__main7:
;alarm16F628.mpas,22 :: 		PORTA := 0;
0x001E	0x0185      	CLRF       PORTA
;alarm16F628.mpas,23 :: 		end;
L__main8:
;alarm16F628.mpas,24 :: 		until 1=2
0x001F	0x280B      	GOTO       L__main1
;alarm16F628.mpas,25 :: 		end.
L_end_main:
0x0020	0x2820      	GOTO       $+0
; end of _main
Symbol List:
//** Routines locations **
//ADDRESS    SIZE    PROCEDURE
//----------------------------------------------
0x0003      [30]    _main
//** Variables locations ** 
//ADDRESS    SIZE    VARIABLE
//----------------------------------------------
0x0005       [1]    PORTA
0x0006       [1]    PORTB
0x0070       [1]    R0
0x0071       [1]    R1
0x0072       [1]    R2
0x0073       [1]    R3
0x0074       [1]    R4
0x0075       [1]    R5
0x0076       [1]    R6
0x0077       [1]    R7
0x0078       [1]    R8
0x0079       [1]    R9
0x007A       [1]    R10
0x007B       [1]    R11
0x007C       [1]    R12
0x007D       [1]    R13
0x007E       [1]    R14
0x007F       [1]    R15
0x0085       [1]    TRISA
0x0086       [1]    TRISB
//** Label List: ** 
//----------------------------------------------
  L_end__main
  L__main1
  L__main2
  L__main3
  L__main4
  L__main5
  L__main6
  L__main7
  L__main8
  L__main9
  L__main10
  L__main11
  L__main12
  L_end_main
  _main
